2020-01-31 11:03:36 - PHP Warning:  mysqli::mysqli(): (HY000/1045): Access denied for user 'root'@'localhost' (using password: NO) in /home/c/cp23768/site/public_html/system/library/db/mysqli.php on line 7
2020-01-31 11:03:38 - PHP Warning:  DB\MySQLi::__construct(): Couldn't fetch mysqli in /home/c/cp23768/site/public_html/system/library/db/mysqli.php on line 10
2020-01-31 11:03:38 - PHP Warning:  DB\MySQLi::__construct(): Couldn't fetch mysqli in /home/c/cp23768/site/public_html/system/library/db/mysqli.php on line 10
2020-01-31 11:03:38 - PHP Notice:  Undefined variable: mysql in /home/c/cp23768/site/public_html/install/controller/install/step_3.php on line 280
2020-01-31 11:03:38 - PHP Notice:  Trying to get property of non-object in /home/c/cp23768/site/public_html/install/controller/install/step_3.php on line 280
2021-04-26 20:35:27 - PHP Notice:  Undefined index: information in C:\workspace\OpenServer\domains\jcbk.loc\system\storage\modification\catalog\controller\common\menu.php on line 60
2021-04-26 20:35:27 - PHP Notice:  Undefined index: information in C:\workspace\OpenServer\domains\jcbk.loc\system\storage\modification\catalog\controller\common\menu.php on line 60
2021-04-26 20:35:27 - PHP Notice:  Undefined index: information in C:\workspace\OpenServer\domains\jcbk.loc\system\storage\modification\catalog\controller\common\menu.php on line 60
2021-04-26 20:35:27 - PHP Notice:  Undefined index: information in C:\workspace\OpenServer\domains\jcbk.loc\system\storage\modification\catalog\controller\common\menu.php on line 60
2021-04-26 20:35:27 - PHP Notice:  Undefined index: information in C:\workspace\OpenServer\domains\jcbk.loc\system\storage\modification\catalog\controller\common\menu.php on line 60
2021-04-26 20:35:27 - PHP Notice:  Undefined index: information in C:\workspace\OpenServer\domains\jcbk.loc\system\storage\modification\catalog\controller\common\menu.php on line 60
2021-04-26 20:35:27 - PHP Notice:  Undefined index: information in C:\workspace\OpenServer\domains\jcbk.loc\system\storage\modification\catalog\controller\common\menu.php on line 60
2021-04-26 20:35:27 - PHP Notice:  Undefined index: information in C:\workspace\OpenServer\domains\jcbk.loc\system\storage\modification\catalog\controller\common\menu.php on line 60
2021-04-26 20:35:48 - PHP Notice:  Undefined index: information in C:\workspace\OpenServer\domains\jcbk.loc\system\storage\modification\catalog\controller\common\menu.php on line 60
2021-04-26 20:35:48 - PHP Notice:  Undefined index: information in C:\workspace\OpenServer\domains\jcbk.loc\system\storage\modification\catalog\controller\common\menu.php on line 60
2021-04-26 20:35:48 - PHP Notice:  Undefined index: information in C:\workspace\OpenServer\domains\jcbk.loc\system\storage\modification\catalog\controller\common\menu.php on line 60
2021-04-26 20:35:48 - PHP Notice:  Undefined index: information in C:\workspace\OpenServer\domains\jcbk.loc\system\storage\modification\catalog\controller\common\menu.php on line 60
2021-04-26 20:35:48 - PHP Notice:  Undefined index: information in C:\workspace\OpenServer\domains\jcbk.loc\system\storage\modification\catalog\controller\common\menu.php on line 60
2021-04-26 20:35:48 - PHP Notice:  Undefined index: information in C:\workspace\OpenServer\domains\jcbk.loc\system\storage\modification\catalog\controller\common\menu.php on line 60
2021-04-26 20:35:48 - PHP Notice:  Undefined index: information in C:\workspace\OpenServer\domains\jcbk.loc\system\storage\modification\catalog\controller\common\menu.php on line 60
2021-04-26 20:35:48 - PHP Notice:  Undefined index: information in C:\workspace\OpenServer\domains\jcbk.loc\system\storage\modification\catalog\controller\common\menu.php on line 60
2021-04-26 20:37:37 - PHP Notice:  Undefined index: information in C:\workspace\OpenServer\domains\jcbk.loc\system\storage\modification\catalog\controller\common\menu.php on line 60
2021-04-26 20:37:37 - PHP Notice:  Undefined index: information in C:\workspace\OpenServer\domains\jcbk.loc\system\storage\modification\catalog\controller\common\menu.php on line 60
2021-04-26 20:37:37 - PHP Notice:  Undefined index: information in C:\workspace\OpenServer\domains\jcbk.loc\system\storage\modification\catalog\controller\common\menu.php on line 60
2021-04-26 20:37:37 - PHP Notice:  Undefined index: information in C:\workspace\OpenServer\domains\jcbk.loc\system\storage\modification\catalog\controller\common\menu.php on line 60
2021-04-26 20:37:37 - PHP Notice:  Undefined index: information in C:\workspace\OpenServer\domains\jcbk.loc\system\storage\modification\catalog\controller\common\menu.php on line 60
2021-04-26 20:37:37 - PHP Notice:  Undefined index: information in C:\workspace\OpenServer\domains\jcbk.loc\system\storage\modification\catalog\controller\common\menu.php on line 60
2021-04-26 20:37:37 - PHP Notice:  Undefined index: information in C:\workspace\OpenServer\domains\jcbk.loc\system\storage\modification\catalog\controller\common\menu.php on line 60
2021-04-26 20:37:37 - PHP Notice:  Undefined index: information in C:\workspace\OpenServer\domains\jcbk.loc\system\storage\modification\catalog\controller\common\menu.php on line 60
2021-04-26 20:44:03 - PHP Warning:  Cannot modify header information - headers already sent by (output started at C:\workspace\OpenServer\domains\jcbk.loc\system\storage\modification\system\config\catalog.php:37) in C:\workspace\OpenServer\domains\jcbk.loc\system\framework.php on line 108
2021-04-26 20:44:03 - PHP Warning:  Cannot modify header information - headers already sent by (output started at C:\workspace\OpenServer\domains\jcbk.loc\system\storage\modification\system\config\catalog.php:37) in C:\workspace\OpenServer\domains\jcbk.loc\catalog\controller\startup\session.php on line 25
2021-04-26 20:44:15 - PHP Warning:  Cannot modify header information - headers already sent by (output started at C:\workspace\OpenServer\domains\jcbk.loc\system\storage\modification\system\config\catalog.php:37) in C:\workspace\OpenServer\domains\jcbk.loc\system\framework.php on line 108
2021-04-26 20:44:15 - PHP Warning:  Cannot modify header information - headers already sent by (output started at C:\workspace\OpenServer\domains\jcbk.loc\system\storage\modification\system\config\catalog.php:37) in C:\workspace\OpenServer\domains\jcbk.loc\catalog\controller\startup\session.php on line 25
2021-04-26 20:44:33 - PHP Warning:  Cannot modify header information - headers already sent by (output started at C:\workspace\OpenServer\domains\jcbk.loc\system\storage\modification\system\config\catalog.php:37) in C:\workspace\OpenServer\domains\jcbk.loc\system\framework.php on line 108
2021-04-26 20:44:33 - PHP Warning:  Cannot modify header information - headers already sent by (output started at C:\workspace\OpenServer\domains\jcbk.loc\system\storage\modification\system\config\catalog.php:37) in C:\workspace\OpenServer\domains\jcbk.loc\catalog\controller\startup\session.php on line 25
2021-04-26 20:45:26 - PHP Warning:  Cannot modify header information - headers already sent by (output started at C:\workspace\OpenServer\domains\jcbk.loc\system\storage\modification\system\config\catalog.php:37) in C:\workspace\OpenServer\domains\jcbk.loc\system\framework.php on line 108
2021-04-26 20:45:26 - PHP Warning:  Cannot modify header information - headers already sent by (output started at C:\workspace\OpenServer\domains\jcbk.loc\system\storage\modification\system\config\catalog.php:37) in C:\workspace\OpenServer\domains\jcbk.loc\catalog\controller\startup\session.php on line 25
2021-04-26 20:45:44 - PHP Warning:  Cannot modify header information - headers already sent by (output started at C:\workspace\OpenServer\domains\jcbk.loc\system\storage\modification\system\config\catalog.php:37) in C:\workspace\OpenServer\domains\jcbk.loc\system\framework.php on line 108
2021-04-26 20:45:44 - PHP Warning:  Cannot modify header information - headers already sent by (output started at C:\workspace\OpenServer\domains\jcbk.loc\system\storage\modification\system\config\catalog.php:37) in C:\workspace\OpenServer\domains\jcbk.loc\catalog\controller\startup\session.php on line 25
2021-04-26 20:47:54 - PHP Warning:  Cannot modify header information - headers already sent by (output started at C:\workspace\OpenServer\domains\jcbk.loc\system\storage\modification\system\config\catalog.php:37) in C:\workspace\OpenServer\domains\jcbk.loc\system\framework.php on line 108
2021-04-26 20:47:54 - PHP Warning:  Cannot modify header information - headers already sent by (output started at C:\workspace\OpenServer\domains\jcbk.loc\system\storage\modification\system\config\catalog.php:37) in C:\workspace\OpenServer\domains\jcbk.loc\catalog\controller\startup\session.php on line 25
2021-04-26 20:48:09 - PHP Warning:  Cannot modify header information - headers already sent by (output started at C:\workspace\OpenServer\domains\jcbk.loc\system\storage\modification\system\config\catalog.php:37) in C:\workspace\OpenServer\domains\jcbk.loc\system\framework.php on line 108
2021-04-26 20:48:09 - PHP Warning:  Cannot modify header information - headers already sent by (output started at C:\workspace\OpenServer\domains\jcbk.loc\system\storage\modification\system\config\catalog.php:37) in C:\workspace\OpenServer\domains\jcbk.loc\catalog\controller\startup\session.php on line 25
2021-04-26 20:48:09 - PHP Warning:  Cannot modify header information - headers already sent by (output started at C:\workspace\OpenServer\domains\jcbk.loc\system\storage\modification\system\config\catalog.php:37) in C:\workspace\OpenServer\domains\jcbk.loc\system\library\response.php on line 36
2021-04-26 20:48:43 - PHP Warning:  Cannot modify header information - headers already sent by (output started at C:\workspace\OpenServer\domains\jcbk.loc\system\storage\modification\system\config\catalog.php:37) in C:\workspace\OpenServer\domains\jcbk.loc\system\framework.php on line 108
2021-04-26 20:48:43 - PHP Warning:  Cannot modify header information - headers already sent by (output started at C:\workspace\OpenServer\domains\jcbk.loc\system\storage\modification\system\config\catalog.php:37) in C:\workspace\OpenServer\domains\jcbk.loc\catalog\controller\startup\session.php on line 25
2021-04-26 20:48:43 - PHP Warning:  Cannot modify header information - headers already sent by (output started at C:\workspace\OpenServer\domains\jcbk.loc\system\storage\modification\system\config\catalog.php:37) in C:\workspace\OpenServer\domains\jcbk.loc\catalog\controller\startup\startup.php on line 99
2021-04-26 20:50:10 - PHP Warning:  Cannot modify header information - headers already sent by (output started at C:\workspace\OpenServer\domains\jcbk.loc\system\storage\modification\system\config\catalog.php:37) in C:\workspace\OpenServer\domains\jcbk.loc\system\framework.php on line 108
2021-04-26 20:50:16 - PHP Warning:  Cannot modify header information - headers already sent by (output started at C:\workspace\OpenServer\domains\jcbk.loc\system\storage\modification\system\config\catalog.php:37) in C:\workspace\OpenServer\domains\jcbk.loc\system\framework.php on line 108
2021-04-26 20:50:24 - PHP Warning:  Cannot modify header information - headers already sent by (output started at C:\workspace\OpenServer\domains\jcbk.loc\system\storage\modification\system\config\catalog.php:37) in C:\workspace\OpenServer\domains\jcbk.loc\system\framework.php on line 108
2021-04-26 20:50:37 - PHP Warning:  Cannot modify header information - headers already sent by (output started at C:\workspace\OpenServer\domains\jcbk.loc\system\storage\modification\system\config\catalog.php:37) in C:\workspace\OpenServer\domains\jcbk.loc\system\framework.php on line 108
2021-04-26 20:51:11 - PHP Warning:  Cannot modify header information - headers already sent by (output started at C:\workspace\OpenServer\domains\jcbk.loc\system\storage\modification\system\config\catalog.php:37) in C:\workspace\OpenServer\domains\jcbk.loc\system\framework.php on line 108
2021-04-26 20:51:28 - PHP Warning:  Cannot modify header information - headers already sent by (output started at C:\workspace\OpenServer\domains\jcbk.loc\system\storage\modification\system\config\catalog.php:37) in C:\workspace\OpenServer\domains\jcbk.loc\system\framework.php on line 108
2021-04-26 20:51:28 - PHP Warning:  Cannot modify header information - headers already sent by (output started at C:\workspace\OpenServer\domains\jcbk.loc\system\storage\modification\system\config\catalog.php:37) in C:\workspace\OpenServer\domains\jcbk.loc\catalog\controller\startup\startup.php on line 157
2021-04-26 20:51:35 - PHP Warning:  Cannot modify header information - headers already sent by (output started at C:\workspace\OpenServer\domains\jcbk.loc\system\storage\modification\system\config\catalog.php:37) in C:\workspace\OpenServer\domains\jcbk.loc\system\framework.php on line 108
2021-04-26 20:51:35 - PHP Warning:  Cannot modify header information - headers already sent by (output started at C:\workspace\OpenServer\domains\jcbk.loc\system\storage\modification\system\config\catalog.php:37) in C:\workspace\OpenServer\domains\jcbk.loc\catalog\controller\startup\session.php on line 25
2021-04-26 20:51:35 - PHP Warning:  Cannot modify header information - headers already sent by (output started at C:\workspace\OpenServer\domains\jcbk.loc\system\storage\modification\system\config\catalog.php:37) in C:\workspace\OpenServer\domains\jcbk.loc\catalog\controller\startup\startup.php on line 99
2021-04-29 9:51:14 - PHP Warning:  Cannot modify header information - headers already sent by (output started at C:\workspace\OpenServer\domains\jcbk.loc\system\storage\modification\system\config\catalog.php:37) in C:\workspace\OpenServer\domains\jcbk.loc\system\framework.php on line 108
2021-04-29 9:51:14 - PHP Warning:  Cannot modify header information - headers already sent by (output started at C:\workspace\OpenServer\domains\jcbk.loc\system\storage\modification\system\config\catalog.php:37) in C:\workspace\OpenServer\domains\jcbk.loc\catalog\controller\startup\session.php on line 25
2021-04-29 9:51:14 - PHP Warning:  Cannot modify header information - headers already sent by (output started at C:\workspace\OpenServer\domains\jcbk.loc\system\storage\modification\system\config\catalog.php:37) in C:\workspace\OpenServer\domains\jcbk.loc\catalog\controller\startup\startup.php on line 99
2021-04-29 9:56:49 - PHP Warning:  Cannot modify header information - headers already sent by (output started at C:\workspace\OpenServer\domains\jcbk.loc\system\storage\modification\system\config\catalog.php:37) in C:\workspace\OpenServer\domains\jcbk.loc\system\framework.php on line 108
2021-04-29 9:56:49 - PHP Warning:  Cannot modify header information - headers already sent by (output started at C:\workspace\OpenServer\domains\jcbk.loc\system\storage\modification\system\config\catalog.php:37) in C:\workspace\OpenServer\domains\jcbk.loc\catalog\controller\startup\session.php on line 25
2021-04-29 9:56:49 - PHP Warning:  Cannot modify header information - headers already sent by (output started at C:\workspace\OpenServer\domains\jcbk.loc\system\storage\modification\system\config\catalog.php:37) in C:\workspace\OpenServer\domains\jcbk.loc\catalog\controller\startup\startup.php on line 99
2021-04-29 9:57:47 - PHP Warning:  Cannot modify header information - headers already sent by (output started at C:\workspace\OpenServer\domains\jcbk.loc\system\storage\modification\system\config\catalog.php:37) in C:\workspace\OpenServer\domains\jcbk.loc\system\framework.php on line 108
2021-04-29 9:57:47 - PHP Warning:  Cannot modify header information - headers already sent by (output started at C:\workspace\OpenServer\domains\jcbk.loc\system\storage\modification\system\config\catalog.php:37) in C:\workspace\OpenServer\domains\jcbk.loc\catalog\controller\startup\session.php on line 25
2021-04-29 9:57:47 - PHP Warning:  Cannot modify header information - headers already sent by (output started at C:\workspace\OpenServer\domains\jcbk.loc\system\storage\modification\system\config\catalog.php:37) in C:\workspace\OpenServer\domains\jcbk.loc\catalog\controller\startup\startup.php on line 99
2021-04-29 9:57:47 - PHP Warning:  Cannot modify header information - headers already sent by (output started at C:\workspace\OpenServer\domains\jcbk.loc\system\storage\modification\system\config\catalog.php:37) in C:\workspace\OpenServer\domains\jcbk.loc\system\library\response.php on line 36
2021-04-29 10:08:32 - PHP Warning:  Cannot modify header information - headers already sent by (output started at C:\workspace\OpenServer\domains\jcbk.loc\system\storage\modification\system\config\catalog.php:37) in C:\workspace\OpenServer\domains\jcbk.loc\system\framework.php on line 108
2021-04-29 10:08:32 - PHP Warning:  Cannot modify header information - headers already sent by (output started at C:\workspace\OpenServer\domains\jcbk.loc\system\storage\modification\system\config\catalog.php:37) in C:\workspace\OpenServer\domains\jcbk.loc\catalog\controller\startup\session.php on line 25
2021-04-29 13:04:47 - PHP Warning:  Cannot modify header information - headers already sent by (output started at C:\workspace\OpenServer\domains\jcbk.loc\system\storage\modification\system\config\catalog.php:37) in C:\workspace\OpenServer\domains\jcbk.loc\system\framework.php on line 108
2021-04-29 13:04:47 - PHP Warning:  Cannot modify header information - headers already sent by (output started at C:\workspace\OpenServer\domains\jcbk.loc\system\storage\modification\system\config\catalog.php:37) in C:\workspace\OpenServer\domains\jcbk.loc\catalog\controller\startup\session.php on line 25
2021-04-29 13:04:48 - PHP Warning:  Cannot modify header information - headers already sent by (output started at C:\workspace\OpenServer\domains\jcbk.loc\system\storage\modification\system\config\catalog.php:37) in C:\workspace\OpenServer\domains\jcbk.loc\system\framework.php on line 108
2021-04-29 13:04:48 - PHP Warning:  Cannot modify header information - headers already sent by (output started at C:\workspace\OpenServer\domains\jcbk.loc\system\storage\modification\system\config\catalog.php:37) in C:\workspace\OpenServer\domains\jcbk.loc\catalog\controller\startup\session.php on line 25
2021-04-29 13:07:01 - PHP Warning:  Cannot modify header information - headers already sent by (output started at C:\workspace\OpenServer\domains\jcbk.loc\system\storage\modification\system\config\catalog.php:37) in C:\workspace\OpenServer\domains\jcbk.loc\system\framework.php on line 108
2021-04-29 13:07:01 - PHP Warning:  Cannot modify header information - headers already sent by (output started at C:\workspace\OpenServer\domains\jcbk.loc\system\storage\modification\system\config\catalog.php:37) in C:\workspace\OpenServer\domains\jcbk.loc\catalog\controller\startup\session.php on line 25
2021-04-29 13:07:03 - PHP Warning:  Cannot modify header information - headers already sent by (output started at C:\workspace\OpenServer\domains\jcbk.loc\system\storage\modification\system\config\catalog.php:37) in C:\workspace\OpenServer\domains\jcbk.loc\system\framework.php on line 108
2021-04-29 13:07:03 - PHP Warning:  Cannot modify header information - headers already sent by (output started at C:\workspace\OpenServer\domains\jcbk.loc\system\storage\modification\system\config\catalog.php:37) in C:\workspace\OpenServer\domains\jcbk.loc\catalog\controller\startup\session.php on line 25
2021-04-29 18:12:06 - PHP Warning:  Cannot modify header information - headers already sent by (output started at C:\workspace\OpenServer\domains\jcbk.loc\system\storage\modification\system\config\catalog.php:37) in C:\workspace\OpenServer\domains\jcbk.loc\system\framework.php on line 108
2021-04-29 18:12:06 - PHP Warning:  Cannot modify header information - headers already sent by (output started at C:\workspace\OpenServer\domains\jcbk.loc\system\storage\modification\system\config\catalog.php:37) in C:\workspace\OpenServer\domains\jcbk.loc\catalog\controller\startup\session.php on line 25
2021-05-02 6:46:28 - PHP Warning:  Cannot modify header information - headers already sent by (output started at C:\workspace\OpenServer\domains\jcbk.loc\system\storage\modification\system\config\catalog.php:37) in C:\workspace\OpenServer\domains\jcbk.loc\system\framework.php on line 108
2021-05-02 6:46:28 - PHP Warning:  Cannot modify header information - headers already sent by (output started at C:\workspace\OpenServer\domains\jcbk.loc\system\storage\modification\system\config\catalog.php:37) in C:\workspace\OpenServer\domains\jcbk.loc\catalog\controller\startup\session.php on line 25
2021-05-02 6:46:36 - PHP Warning:  Cannot modify header information - headers already sent by (output started at C:\workspace\OpenServer\domains\jcbk.loc\system\storage\modification\system\config\catalog.php:37) in C:\workspace\OpenServer\domains\jcbk.loc\system\framework.php on line 108
2021-05-02 6:46:36 - PHP Warning:  Cannot modify header information - headers already sent by (output started at C:\workspace\OpenServer\domains\jcbk.loc\system\storage\modification\system\config\catalog.php:37) in C:\workspace\OpenServer\domains\jcbk.loc\catalog\controller\startup\session.php on line 25
2021-05-02 6:49:24 - PHP Warning:  Cannot modify header information - headers already sent by (output started at C:\workspace\OpenServer\domains\jcbk.loc\system\storage\modification\system\config\catalog.php:37) in C:\workspace\OpenServer\domains\jcbk.loc\system\framework.php on line 108
2021-05-02 6:49:24 - PHP Warning:  Cannot modify header information - headers already sent by (output started at C:\workspace\OpenServer\domains\jcbk.loc\system\storage\modification\system\config\catalog.php:37) in C:\workspace\OpenServer\domains\jcbk.loc\catalog\controller\startup\session.php on line 25
2021-05-02 6:49:51 - PHP Warning:  Cannot modify header information - headers already sent by (output started at C:\workspace\OpenServer\domains\jcbk.loc\system\storage\modification\system\config\catalog.php:37) in C:\workspace\OpenServer\domains\jcbk.loc\system\framework.php on line 108
2021-05-02 6:49:51 - PHP Warning:  Cannot modify header information - headers already sent by (output started at C:\workspace\OpenServer\domains\jcbk.loc\system\storage\modification\system\config\catalog.php:37) in C:\workspace\OpenServer\domains\jcbk.loc\catalog\controller\startup\session.php on line 25
2021-05-02 6:51:54 - PHP Warning:  Cannot modify header information - headers already sent by (output started at C:\workspace\OpenServer\domains\jcbk.loc\system\storage\modification\system\config\catalog.php:37) in C:\workspace\OpenServer\domains\jcbk.loc\system\framework.php on line 108
2021-05-02 6:51:54 - PHP Warning:  Cannot modify header information - headers already sent by (output started at C:\workspace\OpenServer\domains\jcbk.loc\system\storage\modification\system\config\catalog.php:37) in C:\workspace\OpenServer\domains\jcbk.loc\catalog\controller\startup\session.php on line 25
